2019-05-13 09:42:32,061 - C:\Users\0923\Desktop\python鰾單\pengpai_news_git\pengpai_news_spider\spiderLib\Main.py[line:178] - ERROR: can only concatenate str (not "int") to str
Traceback (most recent call last):
  File "C:\Users\0923\Desktop\python鰾單\pengpai_news_git\pengpai_news_spider\spiderLib\Main.py", line 153, in main_xlcj
    url_real = self.get_one_page(self.url+i)
TypeError: can only concatenate str (not "int") to str
2019-05-13 09:43:06,352 - C:\Users\0923\Desktop\python鰾單\pengpai_news_git\pengpai_news_spider\spiderLib\Main.py[line:179] - ERROR: can only concatenate str (not "int") to str
Traceback (most recent call last):
  File "C:\Users\0923\Desktop\python鰾單\pengpai_news_git\pengpai_news_spider\spiderLib\Main.py", line 153, in main_xlcj
    url_real = self.get_one_page(self.url+i)
TypeError: can only concatenate str (not "int") to str
2019-05-13 09:43:34,578 - C:\Users\0923\Desktop\python鰾單\pengpai_news_git\pengpai_news_spider\spiderLib\Main.py[line:179] - ERROR: can only concatenate str (not "int") to str
Traceback (most recent call last):
  File "C:\Users\0923\Desktop\python鰾單\pengpai_news_git\pengpai_news_spider\spiderLib\Main.py", line 153, in main_xlcj
    url_real = self.get_one_page(self.url+i)
TypeError: can only concatenate str (not "int") to str
2019-05-13 09:44:04,161 - C:\Users\0923\Desktop\python鰾單\pengpai_news_git\pengpai_news_spider\spiderLib\Main.py[line:179] - ERROR: can only concatenate str (not "int") to str
Traceback (most recent call last):
  File "C:\Users\0923\Desktop\python鰾單\pengpai_news_git\pengpai_news_spider\spiderLib\Main.py", line 153, in main_xlcj
    url_real = self.get_one_page(self.url+i)
TypeError: can only concatenate str (not "int") to str
2019-05-13 09:45:14,480 - C:\Users\0923\Desktop\python鰾單\pengpai_news_git\pengpai_news_spider\spiderLib\Main.py[line:179] - ERROR: can only concatenate str (not "int") to str
Traceback (most recent call last):
  File "C:\Users\0923\Desktop\python鰾單\pengpai_news_git\pengpai_news_spider\spiderLib\Main.py", line 153, in main_xlcj
    url_real = self.get_one_page(self.url+i)
TypeError: can only concatenate str (not "int") to str
2019-05-13 09:45:29,083 - C:\Users\0923\Desktop\python鰾單\pengpai_news_git\pengpai_news_spider\spiderLib\Main.py[line:179] - ERROR: can only concatenate str (not "int") to str
Traceback (most recent call last):
  File "C:\Users\0923\Desktop\python鰾單\pengpai_news_git\pengpai_news_spider\spiderLib\Main.py", line 153, in main_xlcj
    url_real = self.get_one_page(self.url+i)
TypeError: can only concatenate str (not "int") to str
2019-05-13 09:46:09,444 - C:\Users\0923\Desktop\python鰾單\pengpai_news_git\pengpai_news_spider\spiderLib\Main.py[line:180] - ERROR: can only concatenate str (not "int") to str
Traceback (most recent call last):
  File "C:\Users\0923\Desktop\python鰾單\pengpai_news_git\pengpai_news_spider\spiderLib\Main.py", line 154, in main_xlcj
    url_real = self.get_one_page(self.url+i)
TypeError: can only concatenate str (not "int") to str
2019-05-13 09:46:59,144 - C:\Users\0923\Desktop\python鰾單\pengpai_news_git\pengpai_news_spider\spiderLib\Main.py[line:181] - ERROR: can only concatenate str (not "int") to str
Traceback (most recent call last):
  File "C:\Users\0923\Desktop\python鰾單\pengpai_news_git\pengpai_news_spider\spiderLib\Main.py", line 154, in main_xlcj
    url_real = self.url+i
TypeError: can only concatenate str (not "int") to str
2019-05-13 09:59:28,677 - C:\Users\0923\Desktop\python鰾單\pengpai_news_git\pengpai_news_spider\spiderLib\Main.py[line:181] - ERROR: 'str' object has no attribute 'decode'
Traceback (most recent call last):
  File "C:\Users\0923\Desktop\python鰾單\pengpai_news_git\pengpai_news_spider\spiderLib\Main.py", line 158, in main_xlcj
    print(item[0].decode("gbk"))
AttributeError: 'str' object has no attribute 'decode'
2019-05-13 10:16:49,616 - C:\Users\0923\Desktop\python鰾單\pengpai_news_git\pengpai_news_spider\spiderLib\Main.py[line:182] - ERROR: 'tuple' object does not support item assignment
Traceback (most recent call last):
  File "C:\Users\0923\Desktop\python鰾單\pengpai_news_git\pengpai_news_spider\spiderLib\Main.py", line 157, in main_xlcj
    item[0] = item[0].encode('utf-8').decode("unicode_escape")
TypeError: 'tuple' object does not support item assignment
2019-05-13 10:17:29,367 - C:\Users\0923\Desktop\python鰾單\pengpai_news_git\pengpai_news_spider\spiderLib\Main.py[line:182] - ERROR: 'tuple' object does not support item assignment
Traceback (most recent call last):
  File "C:\Users\0923\Desktop\python鰾單\pengpai_news_git\pengpai_news_spider\spiderLib\Main.py", line 157, in main_xlcj
    item[0] = item[0].encode('utf-8').decode("unicode_escape")
TypeError: 'tuple' object does not support item assignment
2019-05-13 10:17:47,054 - C:\Users\0923\Desktop\python鰾單\pengpai_news_git\pengpai_news_spider\spiderLib\Main.py[line:182] - ERROR: 'tuple' object does not support item assignment
Traceback (most recent call last):
  File "C:\Users\0923\Desktop\python鰾單\pengpai_news_git\pengpai_news_spider\spiderLib\Main.py", line 157, in main_xlcj
    item[0] = item[0].encode('utf-8').decode("unicode_escape")
TypeError: 'tuple' object does not support item assignment
2019-05-13 10:17:55,317 - C:\Users\0923\Desktop\python鰾單\pengpai_news_git\pengpai_news_spider\spiderLib\Main.py[line:183] - ERROR: 'tuple' object does not support item assignment
Traceback (most recent call last):
  File "C:\Users\0923\Desktop\python鰾單\pengpai_news_git\pengpai_news_spider\spiderLib\Main.py", line 158, in main_xlcj
    item[0] = item[0].encode('utf-8').decode("unicode_escape")
TypeError: 'tuple' object does not support item assignment
2019-05-13 10:18:08,075 - C:\Users\0923\Desktop\python鰾單\pengpai_news_git\pengpai_news_spider\spiderLib\Main.py[line:183] - ERROR: 'tuple' object does not support item assignment
Traceback (most recent call last):
  File "C:\Users\0923\Desktop\python鰾單\pengpai_news_git\pengpai_news_spider\spiderLib\Main.py", line 158, in main_xlcj
    item[0] = item[0].encode('utf-8').decode("unicode_escape")
TypeError: 'tuple' object does not support item assignment
2019-05-13 10:18:35,364 - C:\Users\0923\Desktop\python鰾單\pengpai_news_git\pengpai_news_spider\spiderLib\Main.py[line:183] - ERROR: 'tuple' object does not support item assignment
Traceback (most recent call last):
  File "C:\Users\0923\Desktop\python鰾單\pengpai_news_git\pengpai_news_spider\spiderLib\Main.py", line 158, in main_xlcj
    item[0] = item[0].encode('utf-8').decode("unicode_escape")
TypeError: 'tuple' object does not support item assignment
2019-05-13 10:18:51,448 - C:\Users\0923\Desktop\python鰾單\pengpai_news_git\pengpai_news_spider\spiderLib\Main.py[line:183] - ERROR: 'tuple' object does not support item assignment
Traceback (most recent call last):
  File "C:\Users\0923\Desktop\python鰾單\pengpai_news_git\pengpai_news_spider\spiderLib\Main.py", line 158, in main_xlcj
    item[0] = "123"
TypeError: 'tuple' object does not support item assignment
2019-05-13 10:25:01,278 - C:\Users\0923\Desktop\python鰾單\pengpai_news_git\pengpai_news_spider\spiderLib\Main.py[line:183] - ERROR: 'category_info' is an invalid keyword argument for print()
Traceback (most recent call last):
  File "C:\Users\0923\Desktop\python鰾單\pengpai_news_git\pengpai_news_spider\spiderLib\Main.py", line 159, in main_xlcj
    print(category_info = self.do_category(item, 0, 0))
TypeError: 'category_info' is an invalid keyword argument for print()
2019-05-13 10:26:02,059 - C:\Users\0923\Desktop\python鰾單\pengpai_news_git\pengpai_news_spider\spiderLib\Main.py[line:184] - ERROR: 'category_info' is an invalid keyword argument for print()
Traceback (most recent call last):
  File "C:\Users\0923\Desktop\python鰾單\pengpai_news_git\pengpai_news_spider\spiderLib\Main.py", line 157, in main_xlcj
    print(category_info=self.do_category(item, 0, 0))
TypeError: 'category_info' is an invalid keyword argument for print()
2019-05-13 10:37:25,188 - C:\Users\0923\Desktop\python鰾單\pengpai_news_git\pengpai_news_spider\spiderLib\Main.py[line:189] - ERROR: (102, b"Incorrect syntax near 'limit'.DB-Lib error message 20018, severity 15:\nGeneral SQL Server error: Check messages from the SQL Server\n")
Traceback (most recent call last):
  File "src\pymssql.pyx", line 448, in pymssql.Cursor.execute
  File "src\_mssql.pyx", line 1064, in _mssql.MSSQLConnection.execute_query
  File "src\_mssql.pyx", line 1095, in _mssql.MSSQLConnection.execute_query
  File "src\_mssql.pyx", line 1228, in _mssql.MSSQLConnection.format_and_run_query
  File "src\_mssql.pyx", line 1639, in _mssql.check_cancel_and_raise
  File "src\_mssql.pyx", line 1683, in _mssql.maybe_raise_MSSQLDatabaseException
_mssql.MSSQLDatabaseException: (102, b"Incorrect syntax near 'limit'.DB-Lib error message 20018, severity 15:\nGeneral SQL Server error: Check messages from the SQL Server\n")

During handling of the above exception, another exception occurred:

Traceback (most recent call last):
  File "C:\Users\0923\Desktop\python鰾單\pengpai_news_git\pengpai_news_spider\spiderLib\Main.py", line 163, in main_xlcj
    cursor.execute('select * from tblGrabNews order by id desc limit 1')
  File "src\pymssql.pyx", line 465, in pymssql.Cursor.execute
pymssql.ProgrammingError: (102, b"Incorrect syntax near 'limit'.DB-Lib error message 20018, severity 15:\nGeneral SQL Server error: Check messages from the SQL Server\n")
2019-05-13 10:38:06,423 - C:\Users\0923\Desktop\python鰾單\pengpai_news_git\pengpai_news_spider\spiderLib\Main.py[line:190] - ERROR: (102, b"Incorrect syntax near 'limit'.DB-Lib error message 20018, severity 15:\nGeneral SQL Server error: Check messages from the SQL Server\n")
Traceback (most recent call last):
  File "src\pymssql.pyx", line 448, in pymssql.Cursor.execute
  File "src\_mssql.pyx", line 1064, in _mssql.MSSQLConnection.execute_query
  File "src\_mssql.pyx", line 1095, in _mssql.MSSQLConnection.execute_query
  File "src\_mssql.pyx", line 1228, in _mssql.MSSQLConnection.format_and_run_query
  File "src\_mssql.pyx", line 1639, in _mssql.check_cancel_and_raise
  File "src\_mssql.pyx", line 1683, in _mssql.maybe_raise_MSSQLDatabaseException
_mssql.MSSQLDatabaseException: (102, b"Incorrect syntax near 'limit'.DB-Lib error message 20018, severity 15:\nGeneral SQL Server error: Check messages from the SQL Server\n")

During handling of the above exception, another exception occurred:

Traceback (most recent call last):
  File "C:\Users\0923\Desktop\python鰾單\pengpai_news_git\pengpai_news_spider\spiderLib\Main.py", line 164, in main_xlcj
    cursor.execute('select * from tblGrabNews order by id desc limit 1')
  File "src\pymssql.pyx", line 465, in pymssql.Cursor.execute
pymssql.ProgrammingError: (102, b"Incorrect syntax near 'limit'.DB-Lib error message 20018, severity 15:\nGeneral SQL Server error: Check messages from the SQL Server\n")
2019-05-13 10:44:30,400 - C:\Users\0923\Desktop\python鰾單\pengpai_news_git\pengpai_news_spider\spiderLib\Main.py[line:193] - ERROR: can only concatenate str (not "int") to str
Traceback (most recent call last):
  File "C:\Users\0923\Desktop\python鰾單\pengpai_news_git\pengpai_news_spider\spiderLib\Main.py", line 161, in main_xlcj
    cursor.execute('select top 1 * from tblGrabNews order by id desc where pageid =' + self.pageid)
TypeError: can only concatenate str (not "int") to str
2019-05-13 10:44:53,721 - C:\Users\0923\Desktop\python鰾單\pengpai_news_git\pengpai_news_spider\spiderLib\Main.py[line:193] - ERROR: can only concatenate str (not "int") to str
Traceback (most recent call last):
  File "C:\Users\0923\Desktop\python鰾單\pengpai_news_git\pengpai_news_spider\spiderLib\Main.py", line 161, in main_xlcj
    cursor.execute('select top 1 * from tblGrabNews order by id desc where pageid =' + self.pageid)
TypeError: can only concatenate str (not "int") to str
2019-05-13 10:45:05,365 - C:\Users\0923\Desktop\python鰾單\pengpai_news_git\pengpai_news_spider\spiderLib\Main.py[line:193] - ERROR: can only concatenate str (not "int") to str
Traceback (most recent call last):
  File "C:\Users\0923\Desktop\python鰾單\pengpai_news_git\pengpai_news_spider\spiderLib\Main.py", line 165, in main_xlcj
    cursor.execute('select top 1 * from tblGrabNews order by id desc where pageid =' + self.pageid)
TypeError: can only concatenate str (not "int") to str
2019-05-13 10:50:27,425 - C:\Users\0923\Desktop\python鰾單\pengpai_news_git\pengpai_news_spider\spiderLib\Main.py[line:203] - ERROR: can only concatenate str (not "int") to str
Traceback (most recent call last):
  File "C:\Users\0923\Desktop\python鰾單\pengpai_news_git\pengpai_news_spider\spiderLib\Main.py", line 161, in main_xlcj
    cursor.execute('select top 1 * from tblGrabNews order by id desc where pageid =' + self.pageid)
TypeError: can only concatenate str (not "int") to str
2019-05-13 10:51:39,449 - C:\Users\0923\Desktop\python鰾單\pengpai_news_git\pengpai_news_spider\spiderLib\Main.py[line:202] - ERROR: list index out of range
Traceback (most recent call last):
  File "C:\Users\0923\Desktop\python鰾單\pengpai_news_git\pengpai_news_spider\spiderLib\Main.py", line 173, in main_xlcj
    (item[0].strip().replace("&nbsp;", ""), item[7].strip(), '0',
IndexError: list index out of range
2019-05-13 10:52:26,643 - C:\Users\0923\Desktop\python鰾單\pengpai_news_git\pengpai_news_spider\spiderLib\Main.py[line:202] - ERROR: (8152, b'String or binary data would be truncated.DB-Lib error message 20018, severity 16:\nGeneral SQL Server error: Check messages from the SQL Server\n')
Traceback (most recent call last):
  File "src\pymssql.pyx", line 450, in pymssql.Cursor.execute
  File "src\_mssql.pyx", line 1064, in _mssql.MSSQLConnection.execute_query
  File "src\_mssql.pyx", line 1095, in _mssql.MSSQLConnection.execute_query
  File "src\_mssql.pyx", line 1228, in _mssql.MSSQLConnection.format_and_run_query
  File "src\_mssql.pyx", line 1639, in _mssql.check_cancel_and_raise
  File "src\_mssql.pyx", line 1683, in _mssql.maybe_raise_MSSQLDatabaseException
_mssql.MSSQLDatabaseException: (8152, b'String or binary data would be truncated.DB-Lib error message 20018, severity 16:\nGeneral SQL Server error: Check messages from the SQL Server\n')

During handling of the above exception, another exception occurred:

Traceback (most recent call last):
  File "C:\Users\0923\Desktop\python鰾單\pengpai_news_git\pengpai_news_spider\spiderLib\Main.py", line 175, in main_xlcj
    category_info[0], category_info[1]))
  File "src\pymssql.pyx", line 468, in pymssql.Cursor.execute
pymssql.OperationalError: (8152, b'String or binary data would be truncated.DB-Lib error message 20018, severity 16:\nGeneral SQL Server error: Check messages from the SQL Server\n')
2019-05-13 10:55:42,251 - C:\Users\0923\Desktop\python鰾單\pengpai_news_git\pengpai_news_spider\spiderLib\Main.py[line:204] - ERROR: can only concatenate str (not "int") to str
Traceback (most recent call last):
  File "C:\Users\0923\Desktop\python鰾單\pengpai_news_git\pengpai_news_spider\spiderLib\Main.py", line 161, in main_xlcj
    cursor.execute('select top 1 * from tblGrabNews order by id desc where pageid =' + self.pageid)
TypeError: can only concatenate str (not "int") to str
2019-05-13 10:56:51,422 - C:\Users\0923\Desktop\python鰾單\pengpai_news_git\pengpai_news_spider\spiderLib\Main.py[line:204] - ERROR: (156, b"Incorrect syntax near the keyword 'where'.DB-Lib error message 20018, severity 15:\nGeneral SQL Server error: Check messages from the SQL Server\n")
Traceback (most recent call last):
  File "src\pymssql.pyx", line 448, in pymssql.Cursor.execute
  File "src\_mssql.pyx", line 1064, in _mssql.MSSQLConnection.execute_query
  File "src\_mssql.pyx", line 1095, in _mssql.MSSQLConnection.execute_query
  File "src\_mssql.pyx", line 1228, in _mssql.MSSQLConnection.format_and_run_query
  File "src\_mssql.pyx", line 1639, in _mssql.check_cancel_and_raise
  File "src\_mssql.pyx", line 1683, in _mssql.maybe_raise_MSSQLDatabaseException
_mssql.MSSQLDatabaseException: (156, b"Incorrect syntax near the keyword 'where'.DB-Lib error message 20018, severity 15:\nGeneral SQL Server error: Check messages from the SQL Server\n")

During handling of the above exception, another exception occurred:

Traceback (most recent call last):
  File "C:\Users\0923\Desktop\python鰾單\pengpai_news_git\pengpai_news_spider\spiderLib\Main.py", line 161, in main_xlcj
    cursor.execute('select top 1 * from tblGrabNews order by id desc where pageid =' + str(self.pageid))
  File "src\pymssql.pyx", line 468, in pymssql.Cursor.execute
pymssql.OperationalError: (156, b"Incorrect syntax near the keyword 'where'.DB-Lib error message 20018, severity 15:\nGeneral SQL Server error: Check messages from the SQL Server\n")
2019-05-13 10:57:08,563 - C:\Users\0923\Desktop\python鰾單\pengpai_news_git\pengpai_news_spider\spiderLib\Main.py[line:204] - ERROR: (156, b"Incorrect syntax near the keyword 'where'.DB-Lib error message 20018, severity 15:\nGeneral SQL Server error: Check messages from the SQL Server\n")
Traceback (most recent call last):
  File "src\pymssql.pyx", line 448, in pymssql.Cursor.execute
  File "src\_mssql.pyx", line 1064, in _mssql.MSSQLConnection.execute_query
  File "src\_mssql.pyx", line 1095, in _mssql.MSSQLConnection.execute_query
  File "src\_mssql.pyx", line 1228, in _mssql.MSSQLConnection.format_and_run_query
  File "src\_mssql.pyx", line 1639, in _mssql.check_cancel_and_raise
  File "src\_mssql.pyx", line 1683, in _mssql.maybe_raise_MSSQLDatabaseException
_mssql.MSSQLDatabaseException: (156, b"Incorrect syntax near the keyword 'where'.DB-Lib error message 20018, severity 15:\nGeneral SQL Server error: Check messages from the SQL Server\n")

During handling of the above exception, another exception occurred:

Traceback (most recent call last):
  File "C:\Users\0923\Desktop\python鰾單\pengpai_news_git\pengpai_news_spider\spiderLib\Main.py", line 161, in main_xlcj
    cursor.execute('select top 1 * from tblGrabNews order by id desc where pageid =' + str(self.pageid))
  File "src\pymssql.pyx", line 468, in pymssql.Cursor.execute
pymssql.OperationalError: (156, b"Incorrect syntax near the keyword 'where'.DB-Lib error message 20018, severity 15:\nGeneral SQL Server error: Check messages from the SQL Server\n")
2019-05-13 10:58:00,260 - C:\Users\0923\Desktop\python鰾單\pengpai_news_git\pengpai_news_spider\spiderLib\Main.py[line:204] - ERROR: (156, b"Incorrect syntax near the keyword 'where'.DB-Lib error message 20018, severity 15:\nGeneral SQL Server error: Check messages from the SQL Server\n")
Traceback (most recent call last):
  File "src\pymssql.pyx", line 448, in pymssql.Cursor.execute
  File "src\_mssql.pyx", line 1064, in _mssql.MSSQLConnection.execute_query
  File "src\_mssql.pyx", line 1095, in _mssql.MSSQLConnection.execute_query
  File "src\_mssql.pyx", line 1228, in _mssql.MSSQLConnection.format_and_run_query
  File "src\_mssql.pyx", line 1639, in _mssql.check_cancel_and_raise
  File "src\_mssql.pyx", line 1683, in _mssql.maybe_raise_MSSQLDatabaseException
_mssql.MSSQLDatabaseException: (156, b"Incorrect syntax near the keyword 'where'.DB-Lib error message 20018, severity 15:\nGeneral SQL Server error: Check messages from the SQL Server\n")

During handling of the above exception, another exception occurred:

Traceback (most recent call last):
  File "C:\Users\0923\Desktop\python鰾單\pengpai_news_git\pengpai_news_spider\spiderLib\Main.py", line 161, in main_xlcj
    cursor.execute('select top 1 * from tblGrabNews order by id desc where pageId =' + str(self.pageid))
  File "src\pymssql.pyx", line 468, in pymssql.Cursor.execute
pymssql.OperationalError: (156, b"Incorrect syntax near the keyword 'where'.DB-Lib error message 20018, severity 15:\nGeneral SQL Server error: Check messages from the SQL Server\n")
2019-05-13 10:58:33,556 - C:\Users\0923\Desktop\python鰾單\pengpai_news_git\pengpai_news_spider\spiderLib\Main.py[line:205] - ERROR: (156, b"Incorrect syntax near the keyword 'where'.DB-Lib error message 20018, severity 15:\nGeneral SQL Server error: Check messages from the SQL Server\n")
Traceback (most recent call last):
  File "src\pymssql.pyx", line 448, in pymssql.Cursor.execute
  File "src\_mssql.pyx", line 1064, in _mssql.MSSQLConnection.execute_query
  File "src\_mssql.pyx", line 1095, in _mssql.MSSQLConnection.execute_query
  File "src\_mssql.pyx", line 1228, in _mssql.MSSQLConnection.format_and_run_query
  File "src\_mssql.pyx", line 1639, in _mssql.check_cancel_and_raise
  File "src\_mssql.pyx", line 1683, in _mssql.maybe_raise_MSSQLDatabaseException
_mssql.MSSQLDatabaseException: (156, b"Incorrect syntax near the keyword 'where'.DB-Lib error message 20018, severity 15:\nGeneral SQL Server error: Check messages from the SQL Server\n")

During handling of the above exception, another exception occurred:

Traceback (most recent call last):
  File "C:\Users\0923\Desktop\python鰾單\pengpai_news_git\pengpai_news_spider\spiderLib\Main.py", line 162, in main_xlcj
    cursor.execute('select top 1 * from tblGrabNews order by id desc where pageId =' + str(self.pageid))
  File "src\pymssql.pyx", line 468, in pymssql.Cursor.execute
pymssql.OperationalError: (156, b"Incorrect syntax near the keyword 'where'.DB-Lib error message 20018, severity 15:\nGeneral SQL Server error: Check messages from the SQL Server\n")
2019-05-13 13:16:41,585 - C:\Users\0923\Desktop\python鰾單\pengpai_news_git\pengpai_news_spider\spiderLib\Main.py[line:173] - ERROR: 'unicodeescape' codec can't decode byte 0x5c in position 27: \ at end of string
Traceback (most recent call last):
  File "C:\Users\0923\Desktop\python鰾單\pengpai_news_git\pengpai_news_spider\spiderLib\Main.py", line 154, in main_xlcj
    item[0] = item[0].encode('utf-8').decode("unicode_escape")
UnicodeDecodeError: 'unicodeescape' codec can't decode byte 0x5c in position 27: \ at end of string
